<?xml version="1.0" encoding="UTF-8"?>
<!-- Generated by org.testng.reporters.JUnitReportReporter -->
<testsuite skipped="0" hostname="HJL07755" name="com.orangeHRM.tests.NewTest" tests="3" failures="0" timestamp="03 Dec 2019 13:52:03 GMT" time="13.231" errors="0">
  <testcase name="Login" time="3.746" classname="com.orangeHRM.tests.NewTest"/>
  <testcase name="VerifyPageTitle" time="1.139" classname="com.orangeHRM.tests.NewTest"/>
  <testcase name="VerifyEmployeeInformation" time="8.346" classname="com.orangeHRM.tests.NewTest"/>
</testsuite> <!-- com.orangeHRM.tests.NewTest -->
