<?xml version="1.0" encoding="UTF-8"?>
<!-- Generated by org.testng.reporters.JUnitReportReporter -->
<testsuite skipped="0" hostname="HJL07755" name="com.orangeHRM.tests.NewTest" tests="5" failures="0" timestamp="28 Nov 2019 14:01:49 GMT" time="52.056" errors="0">
  <testcase name="Login" time="3.442" classname="com.orangeHRM.tests.NewTest"/>
  <testcase name="VerifyPageTitle" time="0.440" classname="com.orangeHRM.tests.NewTest"/>
  <testcase name="VerifyEmployeeInformation" time="15.892" classname="com.orangeHRM.tests.NewTest"/>
  <testcase name="VerifyEmployeeInformation" time="16.283" classname="com.orangeHRM.tests.NewTest"/>
  <testcase name="VerifyEmployeeInformation" time="15.999" classname="com.orangeHRM.tests.NewTest"/>
</testsuite> <!-- com.orangeHRM.tests.NewTest -->
