<?xml version="1.0" encoding="UTF-8"?>
<!-- Generated by org.testng.reporters.JUnitReportReporter -->
<testsuite skipped="1" hostname="HJL07755" name="com.orangeHRM.testRunner.TestRunner" tests="1" failures="0" timestamp="27 Feb 2020 13:07:21 GMT" time="0.891" errors="0">
  <testcase name="runScenario" time="0.891" classname="com.orangeHRM.testRunner.TestRunner">
    <skipped/>
  </testcase> <!-- runScenario -->
</testsuite> <!-- com.orangeHRM.testRunner.TestRunner -->
