<?xml version="1.0" encoding="UTF-8"?>
<!-- Generated by org.testng.reporters.JUnitReportReporter -->
<testsuite skipped="0" hostname="HJL07755" name="com.orangeHRM.tests.NewTest" tests="4" failures="0" timestamp="26 Nov 2019 09:12:47 GMT" time="12.213" errors="0">
  <testcase name="Launch" time="7.063" classname="com.orangeHRM.tests.NewTest"/>
  <testcase name="Login" time="3.023" classname="com.orangeHRM.tests.NewTest"/>
  <testcase name="VerifyPageTitle" time="0.556" classname="com.orangeHRM.tests.NewTest"/>
  <testcase name="Closedown" time="1.571" classname="com.orangeHRM.tests.NewTest"/>
</testsuite> <!-- com.orangeHRM.tests.NewTest -->
